# JRE version: OpenJDK Runtime Environment (11.0.10) (build 11.0.10+0-b96-7249189)
# Java VM: OpenJDK 64-Bit Server VM (11.0.10+0-b96-7249189, mixed mode, tiered, compressed oops, g1 gc, windows-amd64)
Heap:
 garbage-first heap   total 327680K, used 223265K [0x00000000a0000000, 0x0000000100000000)
  region size 1024K, 42 young (43008K), 3 survivors (3072K)
 Metaspace       used 77863K, capacity 84461K, committed 84636K, reserved 1128448K
  class space    used 10186K, capacity 11879K, committed 12012K, reserved 1048576K
GC Heap History (20 events):
Event: 1.723 GC heap before
{Heap before GC invocations=1 (full 0):
 garbage-first heap   total 327680K, used 88394K [0x00000000a0000000, 0x0000000100000000)
  region size 1024K, 82 young (83968K), 3 survivors (3072K)
 Metaspace       used 20707K, capacity 21180K, committed 21296K, reserved 1069056K
  class space    used 2462K, capacity 2628K, committed 2688K, reserved 1048576K
}
Event: 1.729 GC heap after
{Heap after GC invocations=2 (full 0):
 garbage-first heap   total 327680K, used 15418K [0x00000000a0000000, 0x0000000100000000)
  region size 1024K, 10 young (10240K), 10 survivors (10240K)
 Metaspace       used 20707K, capacity 21180K, committed 21296K, reserved 1069056K
  class space    used 2462K, capacity 2628K, committed 2688K, reserved 1048576K
}
Event: 2.246 GC heap before
{Heap before GC invocations=3 (full 0):
 garbage-first heap   total 327680K, used 71738K [0x00000000a0000000, 0x0000000100000000)
  region size 1024K, 65 young (66560K), 10 survivors (10240K)
 Metaspace       used 26915K, capacity 27456K, committed 27696K, reserved 1073152K
  class space    used 3466K, capacity 3661K, committed 3712K, reserved 1048576K
}
Event: 2.252 GC heap after
{Heap after GC invocations=4 (full 0):
 garbage-first heap   total 327680K, used 18331K [0x00000000a0000000, 0x0000000100000000)
  region size 1024K, 3 young (3072K), 3 survivors (3072K)
 Metaspace       used 26915K, capacity 27456K, committed 27696K, reserved 1073152K
  class space    used 3466K, capacity 3661K, committed 3712K, reserved 1048576K
}
Event: 2.690 GC heap before
{Heap before GC invocations=4 (full 0):
 garbage-first heap   total 327680K, used 60315K [0x00000000a0000000, 0x0000000100000000)
  region size 1024K, 43 young (44032K), 3 survivors (3072K)
 Metaspace       used 35114K, capacity 35802K, committed 35888K, reserved 1081344K
  class space    used 4439K, capacity 4696K, committed 4736K, reserved 1048576K
}
Event: 2.696 GC heap after
{Heap after GC invocations=5 (full 0):
 garbage-first heap   total 327680K, used 23429K [0x00000000a0000000, 0x0000000100000000)
  region size 1024K, 6 young (6144K), 6 survivors (6144K)
 Metaspace       used 35114K, capacity 35802K, committed 35888K, reserved 1081344K
  class space    used 4439K, capacity 4696K, committed 4736K, reserved 1048576K
}
Event: 3.549 GC heap before
{Heap before GC invocations=6 (full 0):
 garbage-first heap   total 327680K, used 120709K [0x00000000a0000000, 0x0000000100000000)
  region size 1024K, 102 young (104448K), 6 survivors (6144K)
 Metaspace       used 42914K, capacity 43920K, committed 44208K, reserved 1087488K
  class space    used 5490K, capacity 5833K, committed 5888K, reserved 1048576K
}
Event: 3.563 GC heap after
{Heap after GC invocations=7 (full 0):
 garbage-first heap   total 327680K, used 27862K [0x00000000a0000000, 0x0000000100000000)
  region size 1024K, 12 young (12288K), 12 survivors (12288K)
 Metaspace       used 42914K, capacity 43920K, committed 44208K, reserved 1087488K
  class space    used 5490K, capacity 5833K, committed 5888K, reserved 1048576K
}
Event: 4.715 GC heap before
{Heap before GC invocations=8 (full 0):
 garbage-first heap   total 327680K, used 190678K [0x00000000a0000000, 0x0000000100000000)
  region size 1024K, 166 young (169984K), 12 survivors (12288K)
 Metaspace       used 55620K, capacity 56907K, committed 57136K, reserved 1099776K
  class space    used 7034K, capacity 7479K, committed 7552K, reserved 1048576K
}
Event: 4.729 GC heap after
{Heap after GC invocations=9 (full 0):
 garbage-first heap   total 327680K, used 47161K [0x00000000a0000000, 0x0000000100000000)
  region size 1024K, 21 young (21504K), 21 survivors (21504K)
 Metaspace       used 55620K, capacity 56907K, committed 57136K, reserved 1099776K
  class space    used 7034K, capacity 7479K, committed 7552K, reserved 1048576K
}
Event: 5.990 GC heap before
{Heap before GC invocations=9 (full 0):
 garbage-first heap   total 327680K, used 213049K [0x00000000a0000000, 0x0000000100000000)
  region size 1024K, 183 young (187392K), 21 survivors (21504K)
 Metaspace       used 65268K, capacity 66929K, committed 66992K, reserved 1107968K
  class space    used 8292K, capacity 8898K, committed 8960K, reserved 1048576K
}
Event: 6.006 GC heap after
{Heap after GC invocations=10 (full 0):
 garbage-first heap   total 327680K, used 60966K [0x00000000a0000000, 0x0000000100000000)
  region size 1024K, 13 young (13312K), 13 survivors (13312K)
 Metaspace       used 65268K, capacity 66929K, committed 66992K, reserved 1107968K
  class space    used 8292K, capacity 8898K, committed 8960K, reserved 1048576K
}
Event: 7.103 GC heap before
{Heap before GC invocations=10 (full 0):
 garbage-first heap   total 327680K, used 193062K [0x00000000a0000000, 0x0000000100000000)
  region size 1024K, 140 young (143360K), 13 survivors (13312K)
 Metaspace       used 71381K, capacity 73561K, committed 73648K, reserved 1114112K
  class space    used 9216K, capacity 9955K, committed 9984K, reserved 1048576K
}
Event: 7.118 GC heap after
{Heap after GC invocations=11 (full 0):
 garbage-first heap   total 327680K, used 78032K [0x00000000a0000000, 0x0000000100000000)
  region size 1024K, 14 young (14336K), 14 survivors (14336K)
 Metaspace       used 71381K, capacity 73561K, committed 73648K, reserved 1114112K
  class space    used 9216K, capacity 9955K, committed 9984K, reserved 1048576K
}
Event: 8.706 GC heap before
{Heap before GC invocations=12 (full 0):
 garbage-first heap   total 327680K, used 235728K [0x00000000a0000000, 0x0000000100000000)
  region size 1024K, 167 young (171008K), 14 survivors (14336K)
 Metaspace       used 74221K, capacity 78309K, committed 78620K, reserved 1118208K
  class space    used 9621K, capacity 10741K, committed 10860K, reserved 1048576K
}
Event: 8.735 GC heap after
{Heap after GC invocations=13 (full 0):
 garbage-first heap   total 327680K, used 113664K [0x00000000a0000000, 0x0000000100000000)
  region size 1024K, 21 young (21504K), 21 survivors (21504K)
 Metaspace       used 74221K, capacity 78309K, committed 78620K, reserved 1118208K
  class space    used 9621K, capacity 10741K, committed 10860K, reserved 1048576K
}
Event: 10.188 GC heap before
{Heap before GC invocations=14 (full 0):
 garbage-first heap   total 327680K, used 248832K [0x00000000a0000000, 0x0000000100000000)
  region size 1024K, 144 young (147456K), 21 survivors (21504K)
 Metaspace       used 76428K, capacity 81745K, committed 81948K, reserved 1120256K
  class space    used 9951K, capacity 11344K, committed 11372K, reserved 1048576K
}
Event: 10.222 GC heap after
{Heap after GC invocations=15 (full 0):
 garbage-first heap   total 327680K, used 148981K [0x00000000a0000000, 0x0000000100000000)
  region size 1024K, 18 young (18432K), 18 survivors (18432K)
 Metaspace       used 76428K, capacity 81745K, committed 81948K, reserved 1120256K
  class space    used 9951K, capacity 11344K, committed 11372K, reserved 1048576K
}
Event: 11.251 GC heap before
{Heap before GC invocations=15 (full 0):
 garbage-first heap   total 327680K, used 257525K [0x00000000a0000000, 0x0000000100000000)
  region size 1024K, 115 young (117760K), 18 survivors (18432K)
 Metaspace       used 77404K, capacity 83657K, committed 83868K, reserved 1122304K
  class space    used 10106K, capacity 11723K, committed 11756K, reserved 1048576K
}
Event: 11.282 GC heap after
{Heap after GC invocations=16 (full 0):
 garbage-first heap   total 327680K, used 183808K [0x00000000a0000000, 0x0000000100000000)
  region size 1024K, 15 young (15360K), 15 survivors (15360K)
 Metaspace       used 77404K, capacity 83657K, committed 83868K, reserved 1122304K
  class space    used 10106K, capacity 11723K, committed 11756K, reserved 1048576K
}

